Starting ringbuf benchmark and capture run: 20260625T144428Z
1/2: starting perf + bpftool telemetry capture
2/2: running ringbuf benchmark
run_id=20260625T144428Z
baseline_json={
  "tag": "baseline",
  "pods": 4,
  "total_bits_per_second": 15271433940.833752,
  "total_gbps": 15.271433940833752,
  "total_bytes_sent": 19094110208,
  "total_connect_errors": 0,
  "total_write_errors": 0
}
with_retina_json={
  "tag": "with_retina",
  "pods": 4,
  "total_bits_per_second": 14844442463.031994,
  "total_gbps": 14.844442463031994,
  "total_bytes_sent": 18560385024,
  "total_connect_errors": 0,
  "total_write_errors": 0
}
baseline_gbps=15.27
with_retina_gbps=14.84
overhead_pct=2.8
