Starting ringbuf benchmark and capture run: 20260625T141655Z
1/2: starting perf + bpftool telemetry capture
2/2: running ringbuf benchmark
run_id=20260625T141655Z
baseline_json={
  "tag": "baseline",
  "pods": 4,
  "total_bits_per_second": 14915185323.050846,
  "total_gbps": 14.915185323050846,
  "total_bytes_sent": 18652266496,
  "total_connect_errors": 0,
  "total_write_errors": 0
}
with_retina_json={
  "tag": "with_retina",
  "pods": 4,
  "total_bits_per_second": 15098026238.701817,
  "total_gbps": 15.098026238701816,
  "total_bytes_sent": 18878103552,
  "total_connect_errors": 0,
  "total_write_errors": 0
}
baseline_gbps=14.92
with_retina_gbps=15.10
overhead_pct=-1.2
