Starting ringbuf benchmark and capture run: 20260625T155544Z
1/2: starting perf + bpftool telemetry capture
2/2: running ringbuf benchmark
run_id=20260625T155655Z
baseline_json={
  "tag": "baseline",
  "pods": 4,
  "total_bits_per_second": 14981015938.12809,
  "total_gbps": 14.98101593812809,
  "total_bytes_sent": 18731827200,
  "total_connect_errors": 0,
  "total_write_errors": 0
}
with_retina_json={
  "tag": "with_retina",
  "pods": 4,
  "total_bits_per_second": 15341585016.46597,
  "total_gbps": 15.341585016465968,
  "total_bytes_sent": 19181797376,
  "total_connect_errors": 0,
  "total_write_errors": 0
}
baseline_gbps=14.98
with_retina_gbps=15.34
overhead_pct=-2.4
