Starting ringbuf benchmark and capture run: 20260625T161002Z
1/2: starting perf + bpftool telemetry capture
2/2: running ringbuf benchmark
run_id=20260625T161004Z
baseline_json={
  "tag": "baseline",
  "pods": 4,
  "total_bits_per_second": 14868499333.015865,
  "total_gbps": 14.868499333015865,
  "total_bytes_sent": 18590334976,
  "total_connect_errors": 0,
  "total_write_errors": 0
}
with_retina_json={
  "tag": "with_retina",
  "pods": 4,
  "total_bits_per_second": 15267134066.648008,
  "total_gbps": 15.267134066648008,
  "total_bytes_sent": 19088670720,
  "total_connect_errors": 0,
  "total_write_errors": 0
}
baseline_gbps=14.87
with_retina_gbps=15.27
overhead_pct=-2.7
=== capture starting ===
perf (via chroot): /usr/lib/linux-tools/5.15.0-1114-azure/perf
bpftool (via chroot): /usr/sbin/bpftool
0 added, 0 removed; done.
Running hooks in /etc/ca-certificates/update.d...
done.
stackcollapse-perf.pl: /usr/local/bin/stackcollapse-perf.pl
flamegraph.pl: /usr/local/bin/flamegraph.pl
starting perf record (30s) ...
waiting for perf to finish ...
perf exit code: 0
perf done. generating perf.script.txt ...
perf script exit code: 0
generating flamegraph ...
flamegraph written: /capture/20260625T161045Z/flamegraph.svg
copying results to host ...
leaving pod alive briefly for kubectl cp ...
=== capture complete: /host-capture/20260625T161045Z ===
Ringbuf capture complete. Benchmark results: /home/itiagrawal/Projects/iperf3-test/results/ringbuf_capture/ringbuf_benchmark
